<?xml version="1.0" encoding="utf-8"?>
<coverage line-rate="0.8109999999999999" branch-rate="0.8571" version="1.9" timestamp="1634738381" lines-covered="103" lines-valid="127" branches-covered="12" branches-valid="14">
  <sources>
    <source>C:\Users\DTUser\source\repos\RecetasWebSite\</source>
  </sources>
  <packages>
    <package name="RecetasWebSite.API" line-rate="0.9387000000000001" branch-rate="1" complexity="11">
      <classes>
        <class name="RecetasWebSite.API.Program" filename="RecetasWebSite.API\Program.cs" line-rate="0.625" branch-rate="1" complexity="2">
          <methods>
            <method name="Main" signature="(System.String[])" line-rate="0" branch-rate="1" complexity="1">
              <lines>
                <line number="13" hits="0" branch="False" />
                <line number="14" hits="0" branch="False" />
                <line number="15" hits="0" branch="False" />
              </lines>
            </method>
            <method name="CreateHostBuilder" signature="(System.String[])" line-rate="1" branch-rate="1" complexity="1">
              <lines>
                <line number="18" hits="1" branch="False" />
                <line number="19" hits="1" branch="False" />
                <line number="20" hits="2" branch="False" />
                <line number="21" hits="2" branch="False" />
                <line number="22" hits="2" branch="False" />
              </lines>
            </method>
          </methods>
          <lines>
            <line number="13" hits="0" branch="False" />
            <line number="14" hits="0" branch="False" />
            <line number="15" hits="0" branch="False" />
            <line number="18" hits="1" branch="False" />
            <line number="19" hits="1" branch="False" />
            <line number="20" hits="2" branch="False" />
            <line number="21" hits="2" branch="False" />
            <line number="22" hits="2" branch="False" />
          </lines>
        </class>
        <class name="RecetasWebSite.API.Startup" filename="RecetasWebSite.API\Startup.cs" line-rate="1" branch-rate="1" complexity="5">
          <methods>
            <method name="get_Configuration" signature="()" line-rate="1" branch-rate="1" complexity="1">
              <lines>
                <line number="18" hits="2" branch="False" />
              </lines>
            </method>
            <method name="ConfigureServices" signature="(Microsoft.Extensions.DependencyInjection.IServiceCollection)" line-rate="1" branch-rate="1" complexity="1">
              <lines>
                <line number="22" hits="1" branch="False" />
                <line number="23" hits="1" branch="False" />
                <line number="24" hits="1" branch="False" />
                <line number="25" hits="1" branch="False" />
                <line number="26" hits="1" branch="False" />
                <line number="27" hits="1" branch="False" />
              </lines>
            </method>
            <method name="Configure" signature="(Microsoft.AspNetCore.Builder.IApplicationBuilder,Microsoft.AspNetCore.Hosting.IWebHostEnvironment)" line-rate="1" branch-rate="1" complexity="2">
              <lines>
                <line number="31" hits="1" branch="False" />
                <line number="32" hits="1" branch="True" condition-coverage="100% (2/2)">
                  <conditions>
                    <condition number="9" type="jump" coverage="100%" />
                  </conditions>
                </line>
                <line number="33" hits="1" branch="False" />
                <line number="34" hits="1" branch="False" />
                <line number="35" hits="1" branch="False" />
                <line number="37" hits="1" branch="False" />
                <line number="38" hits="1" branch="False" />
                <line number="39" hits="1" branch="False" />
                <line number="40" hits="1" branch="False" />
                <line number="41" hits="2" branch="False" />
                <line number="42" hits="2" branch="False" />
                <line number="43" hits="2" branch="False" />
                <line number="44" hits="2" branch="False" />
                <line number="45" hits="2" branch="False" />
                <line number="46" hits="1" branch="False" />
              </lines>
            </method>
            <method name=".ctor" signature="(Microsoft.Extensions.Configuration.IConfiguration)" line-rate="1" branch-rate="1" complexity="1">
              <lines>
                <line number="13" hits="1" branch="False" />
                <line number="14" hits="1" branch="False" />
                <line number="15" hits="1" branch="False" />
                <line number="16" hits="1" branch="False" />
              </lines>
            </method>
          </methods>
          <lines>
            <line number="18" hits="2" branch="False" />
            <line number="22" hits="1" branch="False" />
            <line number="23" hits="1" branch="False" />
            <line number="24" hits="1" branch="False" />
            <line number="25" hits="1" branch="False" />
            <line number="26" hits="1" branch="False" />
            <line number="27" hits="1" branch="False" />
            <line number="31" hits="1" branch="False" />
            <line number="32" hits="1" branch="True" condition-coverage="100% (2/2)">
              <conditions>
                <condition number="9" type="jump" coverage="100%" />
              </conditions>
            </line>
            <line number="33" hits="1" branch="False" />
            <line number="34" hits="1" branch="False" />
            <line number="35" hits="1" branch="False" />
            <line number="37" hits="1" branch="False" />
            <line number="38" hits="1" branch="False" />
            <line number="39" hits="1" branch="False" />
            <line number="40" hits="1" branch="False" />
            <line number="41" hits="2" branch="False" />
            <line number="42" hits="2" branch="False" />
            <line number="43" hits="2" branch="False" />
            <line number="44" hits="2" branch="False" />
            <line number="45" hits="2" branch="False" />
            <line number="46" hits="1" branch="False" />
            <line number="13" hits="1" branch="False" />
            <line number="14" hits="1" branch="False" />
            <line number="15" hits="1" branch="False" />
            <line number="16" hits="1" branch="False" />
          </lines>
        </class>
        <class name="RecetasWebSite.API.Controllers.RecetasController" filename="RecetasWebSite.API\Controllers\RecetasController.cs" line-rate="1" branch-rate="1" complexity="1">
          <methods>
            <method name=".ctor" signature="(RecetasWebSite.Repository.IRecetasRepositorio)" line-rate="1" branch-rate="1" complexity="1">
              <lines>
                <line number="24" hits="7" branch="False" />
                <line number="25" hits="7" branch="False" />
                <line number="26" hits="7" branch="False" />
                <line number="27" hits="7" branch="False" />
              </lines>
            </method>
          </methods>
          <lines>
            <line number="24" hits="7" branch="False" />
            <line number="25" hits="7" branch="False" />
            <line number="26" hits="7" branch="False" />
            <line number="27" hits="7" branch="False" />
          </lines>
        </class>
        <class name="RecetasWebSite.API.Controllers.RecetasController/&lt;GetRecetas&gt;d__2" filename="RecetasWebSite.API\Controllers\RecetasController.cs" line-rate="1" branch-rate="1" complexity="1">
          <methods>
            <method name="MoveNext" signature="()" line-rate="1" branch-rate="1" complexity="1">
              <lines>
                <line number="35" hits="3" branch="False" />
                <line number="36" hits="3" branch="False" />
                <line number="37" hits="3" branch="False" />
                <line number="38" hits="3" branch="False" />
              </lines>
            </method>
          </methods>
          <lines>
            <line number="35" hits="3" branch="False" />
            <line number="36" hits="3" branch="False" />
            <line number="37" hits="3" branch="False" />
            <line number="38" hits="3" branch="False" />
          </lines>
        </class>
        <class name="RecetasWebSite.API.Controllers.RecetasController/&lt;GetReceta&gt;d__3" filename="RecetasWebSite.API\Controllers\RecetasController.cs" line-rate="1" branch-rate="1" complexity="2">
          <methods>
            <method name="MoveNext" signature="()" line-rate="1" branch-rate="1" complexity="2">
              <lines>
                <line number="48" hits="4" branch="False" />
                <line number="49" hits="4" branch="False" />
                <line number="50" hits="4" branch="True" condition-coverage="100% (2/2)">
                  <conditions>
                    <condition number="170" type="jump" coverage="100%" />
                  </conditions>
                </line>
                <line number="51" hits="2" branch="False" />
                <line number="52" hits="2" branch="False" />
                <line number="55" hits="2" branch="False" />
                <line number="56" hits="4" branch="False" />
              </lines>
            </method>
          </methods>
          <lines>
            <line number="48" hits="4" branch="False" />
            <line number="49" hits="4" branch="False" />
            <line number="50" hits="4" branch="True" condition-coverage="100% (2/2)">
              <conditions>
                <condition number="170" type="jump" coverage="100%" />
              </conditions>
            </line>
            <line number="51" hits="2" branch="False" />
            <line number="52" hits="2" branch="False" />
            <line number="55" hits="2" branch="False" />
            <line number="56" hits="4" branch="False" />
          </lines>
        </class>
      </classes>
    </package>
    <package name="RecetasWebSite.Domain" line-rate="1" branch-rate="1" complexity="19">
      <classes>
        <class name="RecetasWebSite.Domain.Configuration" filename="RecetasWebSite.Domain\Configuration.cs" line-rate="1" branch-rate="1" complexity="1">
          <methods>
            <method name="get_ConnectionStrings" signature="()" line-rate="1" branch-rate="1" complexity="1">
              <lines>
                <line number="11" hits="3" branch="False" />
              </lines>
            </method>
          </methods>
          <lines>
            <line number="11" hits="3" branch="False" />
          </lines>
        </class>
        <class name="RecetasWebSite.Domain.ConnectionStrings" filename="RecetasWebSite.Domain\Configuration.cs" line-rate="1" branch-rate="1" complexity="1">
          <methods>
            <method name="get_TableStorageCS" signature="()" line-rate="1" branch-rate="1" complexity="1">
              <lines>
                <line number="19" hits="3" branch="False" />
              </lines>
            </method>
          </methods>
          <lines>
            <line number="19" hits="3" branch="False" />
          </lines>
        </class>
        <class name="RecetasWebSite.Domain.IngredientesPasos" filename="RecetasWebSite.Domain\IngredientesPasos.cs" line-rate="1" branch-rate="1" complexity="3">
          <methods>
            <method name="get_Cabecera" signature="()" line-rate="1" branch-rate="1" complexity="1">
              <lines>
                <line number="20" hits="28" branch="False" />
              </lines>
            </method>
            <method name="get_Descripcion" signature="()" line-rate="1" branch-rate="1" complexity="1">
              <lines>
                <line number="25" hits="54" branch="False" />
              </lines>
            </method>
            <method name=".ctor" signature="()" line-rate="1" branch-rate="1" complexity="1">
              <lines>
                <line number="13" hits="36" branch="False" />
                <line number="14" hits="18" branch="False" />
                <line number="15" hits="18" branch="False" />
              </lines>
            </method>
          </methods>
          <lines>
            <line number="20" hits="28" branch="False" />
            <line number="25" hits="54" branch="False" />
            <line number="13" hits="36" branch="False" />
            <line number="14" hits="18" branch="False" />
            <line number="15" hits="18" branch="False" />
          </lines>
        </class>
        <class name="RecetasWebSite.Domain.Receta" filename="RecetasWebSite.Domain\Receta.cs" line-rate="1" branch-rate="1" complexity="11">
          <methods>
            <method name="get_Id" signature="()" line-rate="1" branch-rate="1" complexity="1">
              <lines>
                <line number="23" hits="43" branch="False" />
              </lines>
            </method>
            <method name="get_Nombre" signature="()" line-rate="1" branch-rate="1" complexity="1">
              <lines>
                <line number="28" hits="41" branch="False" />
              </lines>
            </method>
            <method name="get_ImagenPrincipal" signature="()" line-rate="1" branch-rate="1" complexity="1">
              <lines>
                <line number="33" hits="23" branch="False" />
              </lines>
            </method>
            <method name="get_Descripcion" signature="()" line-rate="1" branch-rate="1" complexity="1">
              <lines>
                <line number="38" hits="41" branch="False" />
              </lines>
            </method>
            <method name="get_Categoria" signature="()" line-rate="1" branch-rate="1" complexity="1">
              <lines>
                <line number="43" hits="43" branch="False" />
              </lines>
            </method>
            <method name="get_Ingredientes" signature="()" line-rate="1" branch-rate="1" complexity="1">
              <lines>
                <line number="48" hits="73" branch="False" />
              </lines>
            </method>
            <method name="get_Pasos" signature="()" line-rate="1" branch-rate="1" complexity="1">
              <lines>
                <line number="53" hits="73" branch="False" />
              </lines>
            </method>
            <method name="get_Video" signature="()" line-rate="1" branch-rate="1" complexity="1">
              <lines>
                <line number="58" hits="18" branch="False" />
              </lines>
            </method>
            <method name="get_Fuente" signature="()" line-rate="1" branch-rate="1" complexity="1">
              <lines>
                <line number="63" hits="20" branch="False" />
              </lines>
            </method>
            <method name="get_Imagenes" signature="()" line-rate="1" branch-rate="1" complexity="1">
              <lines>
                <line number="68" hits="55" branch="False" />
              </lines>
            </method>
            <method name=".ctor" signature="()" line-rate="1" branch-rate="1" complexity="1">
              <lines>
                <line number="13" hits="32" branch="False" />
                <line number="14" hits="32" branch="False" />
                <line number="15" hits="32" branch="False" />
                <line number="16" hits="32" branch="False" />
                <line number="17" hits="32" branch="False" />
                <line number="18" hits="32" branch="False" />
              </lines>
            </method>
          </methods>
          <lines>
            <line number="23" hits="43" branch="False" />
            <line number="28" hits="41" branch="False" />
            <line number="33" hits="23" branch="False" />
            <line number="38" hits="41" branch="False" />
            <line number="43" hits="43" branch="False" />
            <line number="48" hits="73" branch="False" />
            <line number="53" hits="73" branch="False" />
            <line number="58" hits="18" branch="False" />
            <line number="63" hits="20" branch="False" />
            <line number="68" hits="55" branch="False" />
            <line number="13" hits="32" branch="False" />
            <line number="14" hits="32" branch="False" />
            <line number="15" hits="32" branch="False" />
            <line number="16" hits="32" branch="False" />
            <line number="17" hits="32" branch="False" />
            <line number="18" hits="32" branch="False" />
          </lines>
        </class>
        <class name="RecetasWebSite.Domain.RecetaEntity" filename="RecetasWebSite.Domain\RecetaEntity.cs" line-rate="1" branch-rate="1" complexity="3">
          <methods>
            <method name="get_Receta" signature="()" line-rate="1" branch-rate="1" complexity="1">
              <lines>
                <line number="31" hits="28" branch="False" />
              </lines>
            </method>
            <method name=".ctor" signature="()" line-rate="1" branch-rate="1" complexity="1">
              <lines>
                <line number="14" hits="12" branch="False" />
                <line number="15" hits="12" branch="False" />
                <line number="16" hits="12" branch="False" />
              </lines>
            </method>
            <method name=".ctor" signature="(RecetasWebSite.Domain.Receta)" line-rate="1" branch-rate="1" complexity="1">
              <lines>
                <line number="21" hits="2" branch="False" />
                <line number="22" hits="2" branch="False" />
                <line number="23" hits="2" branch="False" />
                <line number="24" hits="2" branch="False" />
                <line number="25" hits="2" branch="False" />
                <line number="26" hits="2" branch="False" />
              </lines>
            </method>
          </methods>
          <lines>
            <line number="31" hits="28" branch="False" />
            <line number="14" hits="12" branch="False" />
            <line number="15" hits="12" branch="False" />
            <line number="16" hits="12" branch="False" />
            <line number="21" hits="2" branch="False" />
            <line number="22" hits="2" branch="False" />
            <line number="23" hits="2" branch="False" />
            <line number="24" hits="2" branch="False" />
            <line number="25" hits="2" branch="False" />
            <line number="26" hits="2" branch="False" />
          </lines>
        </class>
      </classes>
    </package>
    <package name="RecetasWebSite.Repository" line-rate="0.5333" branch-rate="0.8" complexity="14">
      <classes>
        <class name="RecetasWebSite.Repository.RecetasRepositorio" filename="RecetasWebSite.Repository\Implementacion\RecetasRepositorio.cs" line-rate="0.6842" branch-rate="0.5" complexity="6">
          <methods>
            <method name="GetRecetaBy" signature="()" line-rate="0" branch-rate="1" complexity="1">
              <lines>
                <line number="111" hits="0" branch="False" />
                <line number="112" hits="0" branch="False" />
              </lines>
            </method>
            <method name=".ctor" signature="(Microsoft.Extensions.Logging.ILogger`1&lt;RecetasWebSite.Repository.RecetasRepositorio&gt;,Microsoft.WindowsAzure.Storage.Table.CloudTable)" line-rate="1" branch-rate="1" complexity="1">
              <lines>
                <line number="29" hits="2" branch="False" />
                <line number="30" hits="2" branch="False" />
                <line number="31" hits="2" branch="False" />
                <line number="32" hits="2" branch="False" />
                <line number="33" hits="2" branch="False" />
              </lines>
            </method>
            <method name=".ctor" signature="(Microsoft.Extensions.Options.IOptions`1&lt;RecetasWebSite.Domain.Configuration&gt;,Microsoft.Extensions.Logging.ILogger`1&lt;RecetasWebSite.Repository.RecetasRepositorio&gt;)" line-rate="0.6666" branch-rate="0.5" complexity="4">
              <lines>
                <line number="38" hits="1" branch="False" />
                <line number="39" hits="1" branch="False" />
                <line number="43" hits="1" branch="False" />
                <line number="45" hits="1" branch="True" condition-coverage="50% (1/2)">
                  <conditions>
                    <condition number="43" type="jump" coverage="50%" />
                  </conditions>
                </line>
                <line number="46" hits="0" branch="False" />
                <line number="47" hits="0" branch="False" />
                <line number="50" hits="1" branch="False" />
                <line number="51" hits="1" branch="False" />
                <line number="52" hits="1" branch="True" condition-coverage="50% (1/2)">
                  <conditions>
                    <condition number="123" type="jump" coverage="50%" />
                  </conditions>
                </line>
                <line number="53" hits="0" branch="False" />
                <line number="54" hits="0" branch="False" />
                <line number="56" hits="1" branch="False" />
              </lines>
            </method>
          </methods>
          <lines>
            <line number="111" hits="0" branch="False" />
            <line number="112" hits="0" branch="False" />
            <line number="29" hits="2" branch="False" />
            <line number="30" hits="2" branch="False" />
            <line number="31" hits="2" branch="False" />
            <line number="32" hits="2" branch="False" />
            <line number="33" hits="2" branch="False" />
            <line number="38" hits="1" branch="False" />
            <line number="39" hits="1" branch="False" />
            <line number="43" hits="1" branch="False" />
            <line number="45" hits="1" branch="True" condition-coverage="50% (1/2)">
              <conditions>
                <condition number="43" type="jump" coverage="50%" />
              </conditions>
            </line>
            <line number="46" hits="0" branch="False" />
            <line number="47" hits="0" branch="False" />
            <line number="50" hits="1" branch="False" />
            <line number="51" hits="1" branch="False" />
            <line number="52" hits="1" branch="True" condition-coverage="50% (1/2)">
              <conditions>
                <condition number="123" type="jump" coverage="50%" />
              </conditions>
            </line>
            <line number="53" hits="0" branch="False" />
            <line number="54" hits="0" branch="False" />
            <line number="56" hits="1" branch="False" />
          </lines>
        </class>
        <class name="RecetasWebSite.Repository.RecetasRepositorio/&lt;DeleteReceta&gt;d__4" filename="RecetasWebSite.Repository\Implementacion\RecetasRepositorio.cs" line-rate="0" branch-rate="1" complexity="1">
          <methods>
            <method name="MoveNext" signature="()" line-rate="0" branch-rate="1" complexity="1">
              <lines>
                <line number="70" hits="0" branch="False" />
                <line number="71" hits="0" branch="False" />
                <line number="72" hits="0" branch="False" />
                <line number="73" hits="0" branch="False" />
                <line number="75" hits="0" branch="False" />
                <line number="76" hits="0" branch="False" />
              </lines>
            </method>
          </methods>
          <lines>
            <line number="70" hits="0" branch="False" />
            <line number="71" hits="0" branch="False" />
            <line number="72" hits="0" branch="False" />
            <line number="73" hits="0" branch="False" />
            <line number="75" hits="0" branch="False" />
            <line number="76" hits="0" branch="False" />
          </lines>
        </class>
        <class name="RecetasWebSite.Repository.RecetasRepositorio/&lt;GetReceta&gt;d__5" filename="RecetasWebSite.Repository\Implementacion\RecetasRepositorio.cs" line-rate="0.7692" branch-rate="1" complexity="4">
          <methods>
            <method name="MoveNext" signature="()" line-rate="0.7692" branch-rate="1" complexity="4">
              <lines>
                <line number="85" hits="2" branch="False" />
                <line number="86" hits="2" branch="False" />
                <line number="88" hits="2" branch="True" condition-coverage="100% (4/4)">
                  <conditions>
                    <condition number="179" type="jump" coverage="100%" />
                    <condition number="202" type="jump" coverage="100%" />
                  </conditions>
                </line>
                <line number="89" hits="1" branch="False" />
                <line number="90" hits="1" branch="False" />
                <line number="93" hits="1" branch="False" />
                <line number="95" hits="1" branch="False" />
                <line number="96" hits="1" branch="False" />
                <line number="97" hits="1" branch="False" />
                <line number="99" hits="0" branch="False" />
                <line number="100" hits="0" branch="False" />
                <line number="101" hits="0" branch="False" />
                <line number="104" hits="2" branch="False" />
              </lines>
            </method>
          </methods>
          <lines>
            <line number="85" hits="2" branch="False" />
            <line number="86" hits="2" branch="False" />
            <line number="88" hits="2" branch="True" condition-coverage="100% (4/4)">
              <conditions>
                <condition number="179" type="jump" coverage="100%" />
                <condition number="202" type="jump" coverage="100%" />
              </conditions>
            </line>
            <line number="89" hits="1" branch="False" />
            <line number="90" hits="1" branch="False" />
            <line number="93" hits="1" branch="False" />
            <line number="95" hits="1" branch="False" />
            <line number="96" hits="1" branch="False" />
            <line number="97" hits="1" branch="False" />
            <line number="99" hits="0" branch="False" />
            <line number="100" hits="0" branch="False" />
            <line number="101" hits="0" branch="False" />
            <line number="104" hits="2" branch="False" />
          </lines>
        </class>
        <class name="RecetasWebSite.Repository.RecetasRepositorio/&lt;&gt;c" filename="RecetasWebSite.Repository\Implementacion\RecetasRepositorio.cs" line-rate="1" branch-rate="1" complexity="2">
          <methods>
            <method name="&lt;GetRecetas&gt;b__7_0" signature="(RecetasWebSite.Domain.RecetaEntity)" line-rate="1" branch-rate="1" complexity="2">
              <lines>
                <line number="133" hits="45" branch="True" condition-coverage="100% (2/2)">
                  <conditions>
                    <condition number="441" type="jump" coverage="100%" />
                  </conditions>
                </line>
              </lines>
            </method>
          </methods>
          <lines>
            <line number="133" hits="45" branch="True" condition-coverage="100% (2/2)">
              <conditions>
                <condition number="441" type="jump" coverage="100%" />
              </conditions>
            </line>
          </lines>
        </class>
        <class name="RecetasWebSite.Repository.RecetasRepositorio/&lt;InsertReceta&gt;d__8" filename="RecetasWebSite.Repository\Implementacion\RecetasRepositorio.cs" line-rate="0" branch-rate="1" complexity="1">
          <methods>
            <method name="MoveNext" signature="()" line-rate="0" branch-rate="1" complexity="1">
              <lines>
                <line number="161" hits="0" branch="False" />
                <line number="162" hits="0" branch="False" />
                <line number="163" hits="0" branch="False" />
                <line number="164" hits="0" branch="False" />
                <line number="166" hits="0" branch="False" />
                <line number="167" hits="0" branch="False" />
              </lines>
            </method>
          </methods>
          <lines>
            <line number="161" hits="0" branch="False" />
            <line number="162" hits="0" branch="False" />
            <line number="163" hits="0" branch="False" />
            <line number="164" hits="0" branch="False" />
            <line number="166" hits="0" branch="False" />
            <line number="167" hits="0" branch="False" />
          </lines>
        </class>
      </classes>
    </package>
  </packages>
</coverage>